<?xml version="1.0" encoding="UTF-8"?>
<!-- Generated by org.testng.reporters.JUnitReportReporter -->
<testsuite hostname="Krishna_Lenovo" failures="0" tests="1" name="GETAPIs.GETAPIWithBDD" time="3.557" errors="0" timestamp="2024-07-09T12:44:28 IST" skipped="0">
  <testcase classname="GETAPIs.GETAPIWithBDD" name="getProductsTest" time="3.557"/>
</testsuite> <!-- GETAPIs.GETAPIWithBDD -->
