<?xml version="1.0" encoding="UTF-8"?>
<!-- Generated by org.testng.reporters.JUnitReportReporter -->
<testsuite hostname="Krishna_Lenovo" failures="0" tests="3" name="GETAPIs.GETAPIRequestWithoutBDD" time="5.213" errors="0" timestamp="2024-07-09T12:08:00 IST" skipped="0">
  <testcase classname="GETAPIs.GETAPIRequestWithoutBDD" name="getAllUserAPITest" time="2.962"/>
  <testcase classname="GETAPIs.GETAPIRequestWithoutBDD" name="getAllUsersWithQueryParameterAPITest" time="1.300"/>
  <testcase classname="GETAPIs.GETAPIRequestWithoutBDD" name="getAllUsersWithQueryParameter_withHashMap_APITest" time="0.951"/>
</testsuite> <!-- GETAPIs.GETAPIRequestWithoutBDD -->
