<?xml version="1.0" encoding="UTF-8"?>
<!-- Generated by org.testng.reporters.JUnitReportReporter -->
<testsuite hostname="Krishna_Lenovo" failures="0" tests="3" name="GETAPIs.GETAPIRequestTest" time="5.557" errors="0" timestamp="2024-07-09T11:28:29 IST" skipped="0">
  <testcase classname="GETAPIs.GETAPIRequestTest" name="getAllUserAPITest" time="3.064"/>
  <testcase classname="GETAPIs.GETAPIRequestTest" name="getAllUsersWithQueryParameterAPITest" time="1.200"/>
  <testcase classname="GETAPIs.GETAPIRequestTest" name="getAllUsersWithQueryParameter_withHashMap_APITest" time="1.293"/>
</testsuite> <!-- GETAPIs.GETAPIRequestTest -->
